C:\Program Files\Microsoft Visual Studio\2022\Community\MSBuild\Microsoft\VC\v170\Microsoft.CppBuild.targets(495,5): warning MSB8004: Intermediate Directory does not end with a trailing slash.  This build instance will add the slash as it is required to allow proper evaluation of the Intermediate Directory.
C:\Program Files\Microsoft Visual Studio\2022\Community\MSBuild\Microsoft\VC\v170\Microsoft.CppBuild.targets(496,5): warning MSB8004: Output Directory does not end with a trailing slash.  This build instance will add the slash as it is required to allow proper evaluation of the Output Directory.
  Proceduralization.cpp
C:\Users\knigh\Documents\GitHub\VulkanToolbox\VulkanToolbox\include\Internal\VulkanObjectManager.hpp(1253,6): warning C4244: 'argument': conversion from 'uint64_t' to 'uint32_t', possible loss of data
C:\Users\knigh\Documents\GitHub\VulkanToolbox\VulkanToolbox\include\Internal\VulkanObjectManager.hpp(1251,22): warning C4244: 'argument': conversion from 'uint64_t' to 'uint32_t', possible loss of data
C:\Users\knigh\Documents\GitHub\VulkanToolbox\VulkanToolbox\include\Internal\VulkanCommandManager.hpp(117,1): warning C4267: 'argument': conversion from 'size_t' to 'uint32_t', possible loss of data
C:\Users\knigh\Documents\GitHub\VulkanToolbox\VulkanToolbox\include\Internal\VulkanCommandManager.hpp(131,112): warning C4244: 'argument': conversion from 'uint64_t' to 'uint32_t', possible loss of data
C:\Users\knigh\Documents\GitHub\VulkanToolbox\VulkanToolbox\include\Internal\VulkanCommandManager.hpp(132,1): warning C4267: 'argument': conversion from 'size_t' to 'uint32_t', possible loss of data
C:\Users\knigh\Documents\GitHub\VulkanToolbox\VulkanToolbox\include\Internal\VulkanCommandManager.hpp(129,63): warning C4244: 'argument': conversion from 'uint64_t' to 'uint32_t', possible loss of data
C:\Users\knigh\Documents\GitHub\VulkanToolbox\VulkanToolbox\include\Internal\VulkanMemoryManager.hpp(178,1): warning C4267: 'argument': conversion from 'size_t' to 'uint32_t', possible loss of data
C:\Users\knigh\Documents\GitHub\VulkanToolbox\VulkanToolbox\include\Internal\VulkanMemoryManager.hpp(615,17): warning C4553: '==': result of expression not used; did you intend '='?
C:\Users\knigh\Documents\GitHub\VulkanToolbox\VulkanToolbox\include\Internal\VulkanDescriptorManager.hpp(59,1): warning C4267: 'argument': conversion from 'size_t' to 'uint32_t', possible loss of data
C:\Users\knigh\Documents\GitHub\VulkanToolbox\VulkanToolbox\include\Internal\VulkanDescriptorManager.hpp(66,1): warning C4267: 'return': conversion from 'size_t' to 'uint32_t', possible loss of data
C:\Users\knigh\Documents\GitHub\VulkanToolbox\VulkanToolbox\include\Internal\VulkanDescriptorManager.hpp(164,1): warning C4267: 'argument': conversion from 'size_t' to 'uint32_t', possible loss of data
C:\Users\knigh\Documents\GitHub\VulkanToolbox\VulkanToolbox\include\Internal\VulkanDescriptorManager.hpp(165,1): warning C4267: 'argument': conversion from 'size_t' to 'uint32_t', possible loss of data
C:\Users\knigh\Documents\GitHub\VulkanToolbox\VulkanToolbox\include\Internal\VulkanDescriptorManager.hpp(181,1): warning C4267: 'argument': conversion from 'size_t' to 'uint32_t', possible loss of data
C:\Users\knigh\Documents\GitHub\VulkanToolbox\VulkanToolbox\include\Internal\VulkanRenderpassManager.hpp(70,1): warning C4267: 'argument': conversion from 'size_t' to 'uint32_t', possible loss of data
C:\Users\knigh\Documents\GitHub\VulkanToolbox\VulkanToolbox\include\Internal\VulkanRenderpassManager.hpp(81,1): warning C4267: '=': conversion from 'size_t' to 'uint32_t', possible loss of data
C:\Users\knigh\Documents\GitHub\VulkanToolbox\VulkanToolbox\include\Internal\VulkanRenderpassManager.hpp(119,1): warning C4267: 'argument': conversion from 'size_t' to 'uint32_t', possible loss of data
C:\Users\knigh\Documents\GitHub\VulkanToolbox\VulkanToolbox\include\Internal\VulkanRenderpassManager.hpp(125,1): warning C4267: 'argument': conversion from 'size_t' to 'uint32_t', possible loss of data
C:\Users\knigh\Documents\GitHub\VulkanToolbox\VulkanToolbox\include\Internal\VulkanRenderpassManager.hpp(138,1): warning C4267: 'argument': conversion from 'size_t' to 'uint32_t', possible loss of data
C:\Users\knigh\Documents\GitHub\VulkanToolbox\VulkanToolbox\include\Internal\VulkanPipelineManagers.hpp(96,1): warning C4267: '=': conversion from 'size_t' to 'uint32_t', possible loss of data
C:\Users\knigh\Documents\GitHub\VulkanToolbox\VulkanToolbox\include\Internal\VulkanPipelineManagers.hpp(103,1): warning C4267: 'argument': conversion from 'size_t' to 'uint32_t', possible loss of data
C:\Users\knigh\Documents\GitHub\VulkanToolbox\VulkanToolbox\include\Internal\VulkanPipelineManagers.hpp(111,1): warning C4267: 'argument': conversion from 'size_t' to 'uint32_t', possible loss of data
C:\Users\knigh\Documents\GitHub\VulkanToolbox\VulkanToolbox\include\Internal\VulkanPipelineManagers.hpp(150,1): warning C4267: '=': conversion from 'size_t' to 'uint32_t', possible loss of data
C:\Users\knigh\Documents\GitHub\VulkanToolbox\VulkanToolbox\include\Internal\VulkanPipelineManagers.hpp(157,1): warning C4267: 'argument': conversion from 'size_t' to 'uint32_t', possible loss of data
C:\Users\knigh\Documents\GitHub\VulkanToolbox\VulkanToolbox\include\Internal\VulkanPipelineManagers.hpp(165,1): warning C4267: 'argument': conversion from 'size_t' to 'uint32_t', possible loss of data
C:\Users\knigh\Documents\GitHub\VulkanToolbox\Proceduralization\Proceduralization.cpp(479,3): warning C4267: 'argument': conversion from 'size_t' to 'uint32_t', possible loss of data
C:\Users\knigh\Documents\GitHub\VulkanToolbox\Proceduralization\Proceduralization.cpp(468,73): warning C4244: 'argument': conversion from 'uint32_t' to 'float', possible loss of data
C:\Users\knigh\Documents\GitHub\VulkanToolbox\Proceduralization\Proceduralization.cpp(468,45): warning C4244: 'argument': conversion from 'uint32_t' to 'float', possible loss of data
LINK : warning LNK4098: defaultlib 'MSVCRT' conflicts with use of other libs; use /NODEFAULTLIB:library
  Proceduralization.vcxproj -> C:\Users\knigh\Documents\GitHub\VulkanToolbox\Proceduralization\Builds\Debug\x64\Proceduralization.exe
